Copyright 1986-2017 Xilinx, Inc. All Rights Reserved.
-------------------------------------------------------------------------------------------------------------------------------
| Tool Version     : Vivado v.2017.4 (win64) Build 2086221 Fri Dec 15 20:55:39 MST 2017
| Date             : Mon May 29 01:11:43 2023
| Host             : DESKTOP-KIPMBC6 running 64-bit major release  (build 9200)
| Command          : report_power -file top_power_routed.rpt -pb top_power_summary_routed.pb -rpx top_power_routed.rpx
| Design           : top
| Device           : xc7a100tfgg484-1
| Design State     : routed
| Grade            : commercial
| Process          : typical
| Characterization : Production
-------------------------------------------------------------------------------------------------------------------------------

Power Report

Table of Contents
-----------------
1. Summary
1.1 On-Chip Components
1.2 Power Supply Summary
1.3 Confidence Level
2. Settings
2.1 Environment
2.2 Clock Constraints
3. Detailed Reports
3.1 By Hierarchy

1. Summary
----------

+--------------------------+-----------------------------------+
| Total On-Chip Power (W)  | 147.160 (Junction temp exceeded!) |
| Design Power Budget (W)  | Unspecified*                      |
| Power Budget Margin (W)  | NA                                |
| Dynamic (W)              | 146.345                           |
| Device Static (W)        | 0.815                             |
| Effective TJA (C/W)      | 2.7                               |
| Max Ambient (C)          | 0.0                               |
| Junction Temperature (C) | 125.0                             |
| Confidence Level         | Low                               |
| Setting File             | ---                               |
| Simulation Activity File | ---                               |
| Design Nets Matched      | NA                                |
+--------------------------+-----------------------------------+
* Specify Design Power Budget using, set_operating_conditions -design_power_budget <value in Watts>


1.1 On-Chip Components
----------------------

+-------------------------+-----------+----------+-----------+-----------------+
| On-Chip                 | Power (W) | Used     | Available | Utilization (%) |
+-------------------------+-----------+----------+-----------+-----------------+
| Slice Logic             |    22.417 |     5374 |       --- |             --- |
|   LUT as Logic          |    21.184 |     2314 |     63400 |            3.65 |
|   Register              |     0.519 |     2098 |    126800 |            1.65 |
|   CARRY4                |     0.332 |      120 |     15850 |            0.76 |
|   F7/F8 Muxes           |     0.318 |      272 |     63400 |            0.43 |
|   BUFG                  |     0.064 |        9 |        32 |           28.13 |
|   LUT as Shift Register |    <0.001 |       10 |     19000 |            0.05 |
|   Others                |     0.000 |      140 |       --- |             --- |
| Signals                 |    30.613 |     4547 |       --- |             --- |
| Block RAM               |     1.716 |       29 |       135 |           21.48 |
| PLL                     |     3.082 |        1 |         6 |           16.67 |
| I/O                     |    88.516 |       84 |       285 |           29.47 |
| Static Power            |     0.815 |          |           |                 |
| Total                   |   147.160 |          |           |                 |
+-------------------------+-----------+----------+-----------+-----------------+


1.2 Power Supply Summary
------------------------

+-----------+-------------+-----------+-------------+------------+
| Source    | Voltage (V) | Total (A) | Dynamic (A) | Static (A) |
+-----------+-------------+-----------+-------------+------------+
| Vccint    |       1.000 |    55.584 |      55.012 |      0.572 |
| Vccaux    |       1.800 |     4.878 |       4.785 |      0.093 |
| Vcco33    |       3.300 |    25.027 |      25.023 |      0.004 |
| Vcco25    |       2.500 |     0.000 |       0.000 |      0.000 |
| Vcco18    |       1.800 |     0.000 |       0.000 |      0.000 |
| Vcco15    |       1.500 |     0.000 |       0.000 |      0.000 |
| Vcco135   |       1.350 |     0.000 |       0.000 |      0.000 |
| Vcco12    |       1.200 |     0.000 |       0.000 |      0.000 |
| Vccaux_io |       1.800 |     0.000 |       0.000 |      0.000 |
| Vccbram   |       1.000 |     0.170 |       0.143 |      0.027 |
| MGTAVcc   |       1.000 |     0.000 |       0.000 |      0.000 |
| MGTAVtt   |       1.200 |     0.000 |       0.000 |      0.000 |
| Vccadc    |       1.800 |     0.020 |       0.000 |      0.020 |
+-----------+-------------+-----------+-------------+------------+


1.3 Confidence Level
--------------------

+-----------------------------+------------+--------------------------------------------------------+--------------------------------------------------------------------------------------------------------------------+
| User Input Data             | Confidence | Details                                                | Action                                                                                                             |
+-----------------------------+------------+--------------------------------------------------------+--------------------------------------------------------------------------------------------------------------------+
| Design implementation state | High       | Design is routed                                       |                                                                                                                    |
| Clock nodes activity        | Low        | User specified less than 75% of clocks                 | Provide missing clock activity with a constraint file, simulation results or by editing the "By Clock Domain" view |
| I/O nodes activity          | Low        | More than 75% of inputs are missing user specification | Provide missing input activity with simulation results or by editing the "By Resource Type -> I/Os" view           |
| Internal nodes activity     | Medium     | User specified less than 25% of internal nodes         | Provide missing internal nodes activity with simulation results or by editing the "By Resource Type" views         |
| Device models               | High       | Device models are Production                           |                                                                                                                    |
|                             |            |                                                        |                                                                                                                    |
| Overall confidence level    | Low        |                                                        |                                                                                                                    |
+-----------------------------+------------+--------------------------------------------------------+--------------------------------------------------------------------------------------------------------------------+


2. Settings
-----------

2.1 Environment
---------------

+-----------------------+--------------------------+
| Ambient Temp (C)      | 25.0                     |
| ThetaJA (C/W)         | 2.7                      |
| Airflow (LFM)         | 250                      |
| Heat Sink             | medium (Medium Profile)  |
| ThetaSA (C/W)         | 4.6                      |
| Board Selection       | medium (10"x10")         |
| # of Board Layers     | 12to15 (12 to 15 Layers) |
| Board Temperature (C) | 25.0                     |
+-----------------------+--------------------------+


2.2 Clock Constraints
---------------------

+-------+--------+-----------------+
| Clock | Domain | Constraint (ns) |
+-------+--------+-----------------+


3. Detailed Reports
-------------------

3.1 By Hierarchy
----------------

+---------------------------------------------------------------------------------+-----------+
| Name                                                                            | Power (W) |
+---------------------------------------------------------------------------------+-----------+
| top                                                                             |   146.345 |
|   bgm                                                                           |     0.996 |
|   clk                                                                           |     3.247 |
|     inst                                                                        |     3.247 |
|   dmem                                                                          |     3.613 |
|     ram                                                                         |     2.010 |
|       U0                                                                        |     2.010 |
|         inst_blk_mem_gen                                                        |     2.010 |
|           gnbram.gnativebmg.native_blk_mem_gen                                  |     2.010 |
|             valid.cstr                                                          |     2.010 |
|               bindec_a.bindec_inst_a                                            |     0.047 |
|               has_mux_a.A                                                       |     0.762 |
|               ramloop[0].ram.r                                                  |     0.085 |
|                 prim_init.ram                                                   |     0.085 |
|               ramloop[10].ram.r                                                 |     0.048 |
|                 prim_init.ram                                                   |     0.048 |
|               ramloop[11].ram.r                                                 |     0.061 |
|                 prim_init.ram                                                   |     0.061 |
|               ramloop[12].ram.r                                                 |     0.053 |
|                 prim_init.ram                                                   |     0.053 |
|               ramloop[13].ram.r                                                 |     0.065 |
|                 prim_init.ram                                                   |     0.065 |
|               ramloop[14].ram.r                                                 |     0.054 |
|                 prim_init.ram                                                   |     0.054 |
|               ramloop[1].ram.r                                                  |     0.177 |
|                 prim_init.ram                                                   |     0.177 |
|               ramloop[2].ram.r                                                  |     0.185 |
|                 prim_init.ram                                                   |     0.185 |
|               ramloop[3].ram.r                                                  |     0.066 |
|                 prim_init.ram                                                   |     0.066 |
|               ramloop[4].ram.r                                                  |     0.090 |
|                 prim_init.ram                                                   |     0.090 |
|               ramloop[5].ram.r                                                  |     0.078 |
|                 prim_init.ram                                                   |     0.078 |
|               ramloop[6].ram.r                                                  |     0.053 |
|                 prim_init.ram                                                   |     0.053 |
|               ramloop[7].ram.r                                                  |     0.065 |
|                 prim_init.ram                                                   |     0.065 |
|               ramloop[8].ram.r                                                  |     0.057 |
|                 prim_init.ram                                                   |     0.057 |
|               ramloop[9].ram.r                                                  |     0.064 |
|                 prim_init.ram                                                   |     0.064 |
|   imem                                                                          |     2.696 |
|     instmem                                                                     |     1.727 |
|       U0                                                                        |     1.727 |
|         inst_blk_mem_gen                                                        |     1.727 |
|           gnbram.gnativebmg.native_blk_mem_gen                                  |     1.727 |
|             valid.cstr                                                          |     1.727 |
|               bindec_a.bindec_inst_a                                            |     0.036 |
|               has_mux_a.A                                                       |     0.532 |
|               ramloop[0].ram.r                                                  |     0.099 |
|                 prim_init.ram                                                   |     0.099 |
|               ramloop[10].ram.r                                                 |     0.055 |
|                 prim_init.ram                                                   |     0.055 |
|               ramloop[11].ram.r                                                 |     0.055 |
|                 prim_init.ram                                                   |     0.055 |
|               ramloop[12].ram.r                                                 |     0.056 |
|                 prim_init.ram                                                   |     0.056 |
|               ramloop[13].ram.r                                                 |     0.051 |
|                 prim_init.ram                                                   |     0.051 |
|               ramloop[14].ram.r                                                 |     0.052 |
|                 prim_init.ram                                                   |     0.052 |
|               ramloop[1].ram.r                                                  |     0.191 |
|                 prim_init.ram                                                   |     0.191 |
|               ramloop[2].ram.r                                                  |     0.190 |
|                 prim_init.ram                                                   |     0.190 |
|               ramloop[3].ram.r                                                  |     0.056 |
|                 prim_init.ram                                                   |     0.056 |
|               ramloop[4].ram.r                                                  |     0.071 |
|                 prim_init.ram                                                   |     0.071 |
|               ramloop[5].ram.r                                                  |     0.074 |
|                 prim_init.ram                                                   |     0.074 |
|               ramloop[6].ram.r                                                  |     0.046 |
|                 prim_init.ram                                                   |     0.046 |
|               ramloop[7].ram.r                                                  |     0.055 |
|                 prim_init.ram                                                   |     0.055 |
|               ramloop[8].ram.r                                                  |     0.049 |
|                 prim_init.ram                                                   |     0.049 |
|               ramloop[9].ram.r                                                  |     0.059 |
|                 prim_init.ram                                                   |     0.059 |
|   seg                                                                           |     0.473 |
|   u_cpu                                                                         |    45.069 |
|     u_ex_mem                                                                    |     8.478 |
|     u_gen_regs                                                                  |     6.214 |
|     u_hazard                                                                    |     0.007 |
|     u_id_ex                                                                     |    20.958 |
|     u_if_id                                                                     |     2.613 |
|     u_mem_wb                                                                    |     5.824 |
|     u_pc_gen                                                                    |     0.355 |
|     u_pre_if                                                                    |     0.622 |
|   uart                                                                          |     1.463 |
|     inst                                                                        |     1.463 |
|       upg_inst                                                                  |     1.463 |
|         axi_uart_inst                                                           |     0.312 |
|           U0                                                                    |     0.312 |
|             AXI_LITE_IPIF_I                                                     |     0.088 |
|               I_SLAVE_ATTACHMENT                                                |     0.088 |
|                 I_DECODER                                                       |     0.038 |
|                   MEM_DECODE_GEN[0].PER_CE_GEN[0].MULTIPLE_CES_THIS_CS_GEN.CE_I |    <0.001 |
|                   MEM_DECODE_GEN[0].PER_CE_GEN[2].MULTIPLE_CES_THIS_CS_GEN.CE_I |    <0.001 |
|             UARTLITE_CORE_I                                                     |     0.224 |
|               BAUD_RATE_I                                                       |     0.082 |
|               UARTLITE_RX_I                                                     |     0.049 |
|                 DELAY_16_I                                                      |     0.015 |
|                 INPUT_DOUBLE_REGS3                                              |     0.010 |
|                 SRL_FIFO_I                                                      |     0.016 |
|                   I_SRL_FIFO_RBU_F                                              |     0.016 |
|                     CNTR_INCR_DECR_ADDN_F_I                                     |     0.016 |
|                     DYNSHREG_F_I                                                |    <0.001 |
|               UARTLITE_TX_I                                                     |     0.092 |
|                 MID_START_BIT_SRL16_I                                           |     0.004 |
|                 SRL_FIFO_I                                                      |     0.047 |
|                   I_SRL_FIFO_RBU_F                                              |     0.047 |
|                     CNTR_INCR_DECR_ADDN_F_I                                     |     0.034 |
|                     DYNSHREG_F_I                                                |     0.013 |
|   vga                                                                           |     0.371 |
|     num_switch                                                                  |     0.002 |
+---------------------------------------------------------------------------------+-----------+


