#-----------------------------------------------------------
# Vivado v2017.4 (64-bit)
# SW Build 2086221 on Fri Dec 15 20:55:39 MST 2017
# IP Build 2085800 on Fri Dec 15 22:25:07 MST 2017
# Start of session at: Sat May 27 15:00:13 2023
# Process ID: 10556
# Current directory: C:/Users/14603/Downloads/cpu_2
# Command line: vivado.exe -gui_launcher_event rodinguilauncherevent3604 C:\Users\14603\Downloads\cpu_2\project_1.xpr
# Log file: C:/Users/14603/Downloads/cpu_2/vivado.log
# Journal file: C:/Users/14603/Downloads/cpu_2\vivado.jou
#-----------------------------------------------------------
start_gui
open_project C:/Users/14603/Downloads/cpu_2/project_1.xpr
INFO: [Project 1-313] Project file moved from 'G:/Notes/Computer Organization/Proj/fin/cpu_2' since last save.
CRITICAL WARNING: [Project 1-311] Could not find the file 'C:/Users/14603/scene/tools/Minisys1Assemblerv2.2/output/prgmip32.coe', nor could it be found using path 'G:/Notes/Computer Organization/Proj/scene/tools/Minisys1Assemblerv2.2/output/prgmip32.coe'.
CRITICAL WARNING: [Project 1-311] Could not find the file 'C:/Users/14603/scene/tools/Minisys1Assemblerv2.2/output/dmem32.coe', nor could it be found using path 'G:/Notes/Computer Organization/Proj/scene/tools/Minisys1Assemblerv2.2/output/dmem32.coe'.
CRITICAL WARNING: [Project 1-311] Could not find the file 'C:/../FPGA_CPU/asms/offScene1/prgmip32.coe', nor could it be found using path 'G:/FPGA_CPU/asms/offScene1/prgmip32.coe'.
Scanning sources...
Finished scanning sources
WARNING: [filemgmt 56-2] IP Repository Path: Could not find the directory 'C:/Users/14603/SEU_CSE_507_user_uart_bmpg_1.3', nor could it be found using path 'G:/Notes/Computer Organization/Proj/SEU_CSE_507_user_uart_bmpg_1.3'.
WARNING: [filemgmt 56-2] IP Repository Path: Could not find the directory 'C:/Users/14603/Downloads/uart/SEU_CSE_507_user_uart_bmpg_1.3', nor could it be found using path 'G:/Notes/Computer Organization/Proj/fin/uart/SEU_CSE_507_user_uart_bmpg_1.3'.
WARNING: [filemgmt 56-2] IP Repository Path: Could not find the directory 'C:/Users/14603/Documents/WeChat Files/wxid_bd4cwvy8r23l22/FileStorage/File/2023-05/SEU_CSE_507_user_uart_bmpg_1.3', nor could it be found using path 'G:/Notes/Computer Organization/Proj/Documents/WeChat Files/wxid_bd4cwvy8r23l22/FileStorage/File/2023-05/SEU_CSE_507_user_uart_bmpg_1.3'.
WARNING: [filemgmt 56-3] IP Repository Path: Could not find the directory 'E:/WechatFile/WeChat Files/wxid_yju11qea96x822/FileStorage/File/2023-05/SEU_CSE_507_user_uart_bmpg_1.3'.
INFO: [IP_Flow 19-234] Refreshing IP repositories
INFO: [IP_Flow 19-1700] Loaded user IP repository 'c:/Users/14603/Downloads/SEU_CSE_507_user_uart_bmpg_1.3'.
WARNING: [IP_Flow 19-3685] Ignored loading user repository 'c:/Users/14603/Downloads/SEU_CSE_507_user_uart_bmpg_1.3/xgui'. The path is contained within another repository.
INFO: [IP_Flow 19-1700] Loaded user IP repository 'c:/Users/14603/Downloads/prgrom_1'.
WARNING: [IP_Flow 19-2248] Failed to load user IP repository 'c:/Users/14603/SEU_CSE_507_user_uart_bmpg_1.3'; Can't find the specified path.
If this directory should no longer be in your list of user repositories, go to the IP Settings dialog and remove it.
WARNING: [IP_Flow 19-2248] Failed to load user IP repository 'c:/Users/14603/Downloads/uart/SEU_CSE_507_user_uart_bmpg_1.3'; Can't find the specified path.
If this directory should no longer be in your list of user repositories, go to the IP Settings dialog and remove it.
WARNING: [IP_Flow 19-2248] Failed to load user IP repository 'c:/Users/14603/Documents/WeChat Files/wxid_bd4cwvy8r23l22/FileStorage/File/2023-05/SEU_CSE_507_user_uart_bmpg_1.3'; Can't find the specified path.
If this directory should no longer be in your list of user repositories, go to the IP Settings dialog and remove it.
WARNING: [IP_Flow 19-2248] Failed to load user IP repository 'e:/WechatFile/WeChat Files/wxid_yju11qea96x822/FileStorage/File/2023-05/SEU_CSE_507_user_uart_bmpg_1.3'; Can't find the specified path.
If this directory should no longer be in your list of user repositories, go to the IP Settings dialog and remove it.
INFO: [IP_Flow 19-2313] Loaded Vivado IP repository 'D:/Xilinx/Vivado/2017.4/data/ip'.
open_project: Time (s): cpu = 00:00:16 ; elapsed = 00:00:09 . Memory (MB): peak = 753.832 ; gain = 89.621
update_compile_order -fileset sources_1
export_ip_user_files -of_objects  [get_files C:/Users/14603/scene/tools/Minisys1Assemblerv2.2/output/dmem32.coe] -no_script -reset -force -quiet
export_ip_user_files -of_objects  [get_files C:/../FPGA_CPU/asms/offScene1/prgmip32.coe] -no_script -reset -force -quiet
export_ip_user_files -of_objects  [get_files C:/Users/14603/Downloads/cpu_2/FPGA_CPU/asms/offScene1/prgmip32.coe] -no_script -reset -force -quiet
export_ip_user_files -of_objects  [get_files C:/Users/14603/scene/tools/Minisys1Assemblerv2.2/output/prgmip32.coe] -no_script -reset -force -quiet
remove_files  {C:/Users/14603/scene/tools/Minisys1Assemblerv2.2/output/dmem32.coe C:/../FPGA_CPU/asms/offScene1/prgmip32.coe C:/Users/14603/Downloads/cpu_2/FPGA_CPU/asms/offScene1/prgmip32.coe C:/Users/14603/scene/tools/Minisys1Assemblerv2.2/output/prgmip32.coe}
INFO: [Device 21-403] Loading part xc7a100tfgg484-1
WARNING: [IP_Flow 19-4067] Ignoring invalid widget type specified checkbox.Providing a default widget
WARNING: [IP_Flow 19-4067] Ignoring invalid widget type specified checkbox.Providing a default widget
set_property -dict [list CONFIG.Coe_File {C:/Users/14603/Downloads/asms/offScene1/dmem32.coe}] [get_ips RAM]
INFO: [IP_Flow 19-3484] Absolute path of file 'c:/Users/14603/Downloads/asms/offScene1/dmem32.coe' provided. It will be converted relative to IP Instance files '../../../../../asms/offScene1/dmem32.coe'
generate_target all [get_files  C:/Users/14603/Downloads/cpu_2/project_1.srcs/sources_1/ip/RAM/RAM.xci]
INFO: [IP_Flow 19-1686] Generating 'Instantiation Template' target for IP 'RAM'...
INFO: [IP_Flow 19-1686] Generating 'Synthesis' target for IP 'RAM'...
INFO: [IP_Flow 19-1686] Generating 'Simulation' target for IP 'RAM'...
INFO: [IP_Flow 19-1686] Generating 'Miscellaneous' target for IP 'RAM'...
INFO: [IP_Flow 19-1686] Generating 'Change Log' target for IP 'RAM'...
catch { config_ip_cache -export [get_ips -all RAM] }
export_ip_user_files -of_objects [get_files C:/Users/14603/Downloads/cpu_2/project_1.srcs/sources_1/ip/RAM/RAM.xci] -no_script -sync -force -quiet
reset_run RAM_synth_1
launch_runs -jobs 2 RAM_synth_1
[Sat May 27 15:05:42 2023] Launched RAM_synth_1...
Run output will be captured here: C:/Users/14603/Downloads/cpu_2/project_1.runs/RAM_synth_1/runme.log
export_simulation -of_objects [get_files C:/Users/14603/Downloads/cpu_2/project_1.srcs/sources_1/ip/RAM/RAM.xci] -directory C:/Users/14603/Downloads/cpu_2/project_1.ip_user_files/sim_scripts -ip_user_files_dir C:/Users/14603/Downloads/cpu_2/project_1.ip_user_files -ipstatic_source_dir C:/Users/14603/Downloads/cpu_2/project_1.ip_user_files/ipstatic -lib_map_path [list {modelsim=C:/Users/14603/Downloads/cpu_2/project_1.cache/compile_simlib/modelsim} {questa=C:/Users/14603/Downloads/cpu_2/project_1.cache/compile_simlib/questa} {riviera=C:/Users/14603/Downloads/cpu_2/project_1.cache/compile_simlib/riviera} {activehdl=C:/Users/14603/Downloads/cpu_2/project_1.cache/compile_simlib/activehdl}] -use_ip_compiled_libs -force -quiet
WARNING: [IP_Flow 19-4067] Ignoring invalid widget type specified checkbox.Providing a default widget
WARNING: [IP_Flow 19-4067] Ignoring invalid widget type specified checkbox.Providing a default widget
set_property -dict [list CONFIG.Coe_File {C:/Users/14603/Downloads/asms/offScene1/prgmip32.coe}] [get_ips prgrom]
INFO: [IP_Flow 19-3484] Absolute path of file 'c:/Users/14603/Downloads/asms/offScene1/prgmip32.coe' provided. It will be converted relative to IP Instance files '../../../../../asms/offScene1/prgmip32.coe'
reset_run synth_1
reset_run prgrom_synth_1
launch_runs impl_1 -to_step write_bitstream -jobs 2
INFO: [Vivado 12-4149] The synthesis checkpoint for IP 'C:/Users/14603/Downloads/cpu_2/project_1.srcs/sources_1/ip/uart_bmpg_0_1/uart_bmpg_0.xci' is already up-to-date
[Sat May 27 15:08:52 2023] Launched prgrom_synth_1, synth_1...
Run output will be captured here:
prgrom_synth_1: C:/Users/14603/Downloads/cpu_2/project_1.runs/prgrom_synth_1/runme.log
synth_1: C:/Users/14603/Downloads/cpu_2/project_1.runs/synth_1/runme.log
[Sat May 27 15:08:52 2023] Launched impl_1...
Run output will be captured here: C:/Users/14603/Downloads/cpu_2/project_1.runs/impl_1/runme.log
open_hw
connect_hw_server
INFO: [Labtools 27-2285] Connecting to hw_server url TCP:localhost:3121
INFO: [Labtools 27-2222] Launching hw_server...
INFO: [Labtools 27-2221] Launch Output:

****** Xilinx hw_server v2017.4
  **** Build date : Dec 15 2017-21:08:27
    ** Copyright 1986-2017 Xilinx, Inc. All Rights Reserved.


open_hw_target
INFO: [Labtoolstcl 44-466] Opening hw_target localhost:3121/xilinx_tcf/Xilinx/1234-tulA
set_property PROGRAM.FILE {C:/Users/14603/Downloads/cpu_2/project_1.runs/impl_1/top.bit} [get_hw_devices xc7a100t_0]
current_hw_device [get_hw_devices xc7a100t_0]
refresh_hw_device -update_hw_probes false [lindex [get_hw_devices xc7a100t_0] 0]
INFO: [Labtools 27-1434] Device xc7a100t (JTAG device index = 0) is programmed with a design that has no supported debug core(s) in it.
WARNING: [Labtools 27-3361] The debug hub core was not detected.
Resolution: 
1. Make sure the clock connected to the debug hub (dbg_hub) core is a free running clock and is active.
2. Make sure the BSCAN_SWITCH_USER_MASK device property in Vivado Hardware Manager reflects the user scan chain setting in the design and refresh the device.  To determine the user scan chain setting in the design, open the implemented design and use 'get_property C_USER_SCAN_CHAIN [get_debug_cores dbg_hub]'.
For more details on setting the scan chain property, consult the Vivado Debug and Programming User Guide (UG908).
set_property PROBES.FILE {} [get_hw_devices xc7a100t_0]
set_property FULL_PROBES.FILE {} [get_hw_devices xc7a100t_0]
set_property PROGRAM.FILE {C:/Users/14603/Downloads/cpu_2/project_1.runs/impl_1/top.bit} [get_hw_devices xc7a100t_0]
program_hw_devices [get_hw_devices xc7a100t_0]
INFO: [Labtools 27-3164] End of startup status: HIGH
refresh_hw_device [lindex [get_hw_devices xc7a100t_0] 0]
INFO: [Labtools 27-1434] Device xc7a100t (JTAG device index = 0) is programmed with a design that has no supported debug core(s) in it.
WARNING: [Labtools 27-3361] The debug hub core was not detected.
Resolution: 
1. Make sure the clock connected to the debug hub (dbg_hub) core is a free running clock and is active.
2. Make sure the BSCAN_SWITCH_USER_MASK device property in Vivado Hardware Manager reflects the user scan chain setting in the design and refresh the device.  To determine the user scan chain setting in the design, open the implemented design and use 'get_property C_USER_SCAN_CHAIN [get_debug_cores dbg_hub]'.
For more details on setting the scan chain property, consult the Vivado Debug and Programming User Guide (UG908).
open_run impl_1
INFO: [Netlist 29-17] Analyzing 453 Unisim elements for replacement
INFO: [Netlist 29-28] Unisim Transformation completed in 0 CPU seconds
INFO: [Project 1-479] Netlist was created with Vivado 2017.4
INFO: [Project 1-570] Preparing netlist for logic optimization
Parsing XDC File [C:/Users/14603/Downloads/cpu_2/.Xil/Vivado-10556-LAPTOP-7CFR89JL/dcp3/top_board.xdc]
Finished Parsing XDC File [C:/Users/14603/Downloads/cpu_2/.Xil/Vivado-10556-LAPTOP-7CFR89JL/dcp3/top_board.xdc]
Parsing XDC File [C:/Users/14603/Downloads/cpu_2/.Xil/Vivado-10556-LAPTOP-7CFR89JL/dcp3/top_early.xdc]
Finished Parsing XDC File [C:/Users/14603/Downloads/cpu_2/.Xil/Vivado-10556-LAPTOP-7CFR89JL/dcp3/top_early.xdc]
Parsing XDC File [C:/Users/14603/Downloads/cpu_2/.Xil/Vivado-10556-LAPTOP-7CFR89JL/dcp3/top.xdc]
Finished Parsing XDC File [C:/Users/14603/Downloads/cpu_2/.Xil/Vivado-10556-LAPTOP-7CFR89JL/dcp3/top.xdc]
Reading XDEF placement.
Reading placer database...
Reading XDEF routing.
Read XDEF File: Time (s): cpu = 00:00:01 ; elapsed = 00:00:00.514 . Memory (MB): peak = 1791.945 ; gain = 8.277
Restored from archive | CPU: 1.000000 secs | Memory: 0.000000 MB |
Finished XDEF File Restore: Time (s): cpu = 00:00:01 ; elapsed = 00:00:00.514 . Memory (MB): peak = 1791.945 ; gain = 8.277
INFO: [Project 1-111] Unisim Transformation Summary:
  A total of 2 instances were transformed.
  LDCP => LDCP (inverted pins: G) (GND, LUT3, LUT3, LDCE, VCC): 2 instances

open_run: Time (s): cpu = 00:00:18 ; elapsed = 00:00:13 . Memory (MB): peak = 1879.137 ; gain = 227.055
WARNING: [Timing 38-313] There are no user specified timing constraints. Timing constraints are needed for proper timing analysis.
ERROR: [Labtoolstcl 44-513] HW Target shutdown. Closing target: localhost:3121/xilinx_tcf/Xilinx/1234-tulA
INFO: [Labtoolstcl 44-466] Opening hw_target localhost:3121/xilinx_tcf/Xilinx/1234-tulA
INFO: [Labtools 27-1434] Device xc7a100t (JTAG device index = 0) is programmed with a design that has no supported debug core(s) in it.
WARNING: [Labtools 27-3361] The debug hub core was not detected.
Resolution: 
1. Make sure the clock connected to the debug hub (dbg_hub) core is a free running clock and is active.
2. Make sure the BSCAN_SWITCH_USER_MASK device property in Vivado Hardware Manager reflects the user scan chain setting in the design and refresh the device.  To determine the user scan chain setting in the design, open the implemented design and use 'get_property C_USER_SCAN_CHAIN [get_debug_cores dbg_hub]'.
For more details on setting the scan chain property, consult the Vivado Debug and Programming User Guide (UG908).
WARNING: [Labtoolstcl 44-129] No matching hw_ila_data was found.
set_property PROBES.FILE {} [get_hw_devices xc7a100t_0]
set_property FULL_PROBES.FILE {} [get_hw_devices xc7a100t_0]
set_property PROGRAM.FILE {C:/Users/14603/Downloads/cpu_2/project_1.runs/impl_1/top.bit} [get_hw_devices xc7a100t_0]
program_hw_devices [get_hw_devices xc7a100t_0]
INFO: [Labtools 27-3164] End of startup status: HIGH
refresh_hw_device [lindex [get_hw_devices xc7a100t_0] 0]
INFO: [Labtools 27-1434] Device xc7a100t (JTAG device index = 0) is programmed with a design that has no supported debug core(s) in it.
WARNING: [Labtools 27-3361] The debug hub core was not detected.
Resolution: 
1. Make sure the clock connected to the debug hub (dbg_hub) core is a free running clock and is active.
2. Make sure the BSCAN_SWITCH_USER_MASK device property in Vivado Hardware Manager reflects the user scan chain setting in the design and refresh the device.  To determine the user scan chain setting in the design, open the implemented design and use 'get_property C_USER_SCAN_CHAIN [get_debug_cores dbg_hub]'.
For more details on setting the scan chain property, consult the Vivado Debug and Programming User Guide (UG908).
ERROR: [Labtoolstcl 44-513] HW Target shutdown. Closing target: localhost:3121/xilinx_tcf/Xilinx/1234-tulA
INFO: [Labtoolstcl 44-466] Opening hw_target localhost:3121/xilinx_tcf/Xilinx/1234-tulA
INFO: [Labtools 27-1434] Device xc7a100t (JTAG device index = 0) is programmed with a design that has no supported debug core(s) in it.
WARNING: [Labtools 27-3361] The debug hub core was not detected.
Resolution: 
1. Make sure the clock connected to the debug hub (dbg_hub) core is a free running clock and is active.
2. Make sure the BSCAN_SWITCH_USER_MASK device property in Vivado Hardware Manager reflects the user scan chain setting in the design and refresh the device.  To determine the user scan chain setting in the design, open the implemented design and use 'get_property C_USER_SCAN_CHAIN [get_debug_cores dbg_hub]'.
For more details on setting the scan chain property, consult the Vivado Debug and Programming User Guide (UG908).
WARNING: [Labtoolstcl 44-129] No matching hw_ila_data was found.
import_files -norecurse {C:/Users/14603/Downloads/vga_top.v C:/Users/14603/Downloads/vga_num_switch.v}
update_compile_order -fileset sources_1
close_hw
update_compile_order -fileset sources_1
WARNING: [filemgmt 56-199] Attempt to get parsing info during refresh. "On-the-fly" syntax checking information may be incorrect. [C:/Users/14603/Downloads/cpu_2/project_1.srcs/sources_1/imports/再也不谈恋爱了/top.v:]
WARNING: [filemgmt 56-199] Attempt to get parsing info during refresh. "On-the-fly" syntax checking information may be incorrect. [C:/Users/14603/Downloads/cpu_2/project_1.srcs/sources_1/imports/Downloads/vga_top.v:]
WARNING: [filemgmt 56-199] Attempt to get parsing info during refresh. "On-the-fly" syntax checking information may be incorrect. [C:/Users/14603/Downloads/cpu_2/project_1.srcs/sources_1/imports/再也不谈恋爱了/top.v:]
WARNING: [filemgmt 56-199] Attempt to get parsing info during refresh. "On-the-fly" syntax checking information may be incorrect. [C:/Users/14603/Downloads/cpu_2/project_1.srcs/sources_1/imports/Downloads/vga_top.v:]
WARNING: [filemgmt 56-199] Attempt to get parsing info during refresh. "On-the-fly" syntax checking information may be incorrect. [C:/Users/14603/Downloads/cpu_2/project_1.srcs/sources_1/imports/再也不谈恋爱了/top.v:]
WARNING: [filemgmt 56-199] Attempt to get parsing info during refresh. "On-the-fly" syntax checking information may be incorrect. [C:/Users/14603/Downloads/cpu_2/project_1.srcs/sources_1/imports/Downloads/vga_top.v:]
ERROR: [Common 17-180] Spawn failed: Illegal byte sequence
WARNING: [filemgmt 56-199] Attempt to get parsing info during refresh. "On-the-fly" syntax checking information may be incorrect. [C:/Users/14603/Downloads/cpu_2/project_1.srcs/sources_1/imports/再也不谈恋爱了/top.v:]
WARNING: [filemgmt 56-199] Attempt to get parsing info during refresh. "On-the-fly" syntax checking information may be incorrect. [C:/Users/14603/Downloads/cpu_2/project_1.srcs/sources_1/imports/Downloads/vga_top.v:]
WARNING: [filemgmt 56-199] Attempt to get parsing info during refresh. "On-the-fly" syntax checking information may be incorrect. [C:/Users/14603/Downloads/cpu_2/project_1.srcs/sources_1/imports/再也不谈恋爱了/top.v:]
WARNING: [filemgmt 56-199] Attempt to get parsing info during refresh. "On-the-fly" syntax checking information may be incorrect. [C:/Users/14603/Downloads/cpu_2/project_1.srcs/sources_1/imports/Downloads/vga_top.v:]
WARNING: [filemgmt 56-199] Attempt to get parsing info during refresh. "On-the-fly" syntax checking information may be incorrect. [C:/Users/14603/Downloads/cpu_2/project_1.srcs/sources_1/imports/再也不谈恋爱了/top.v:]
WARNING: [filemgmt 56-199] Attempt to get parsing info during refresh. "On-the-fly" syntax checking information may be incorrect. [C:/Users/14603/Downloads/cpu_2/project_1.srcs/sources_1/imports/Downloads/vga_top.v:]
WARNING: [filemgmt 56-199] Attempt to get parsing info during refresh. "On-the-fly" syntax checking information may be incorrect. [C:/Users/14603/Downloads/cpu_2/project_1.srcs/sources_1/imports/再也不谈恋爱了/top.v:]
WARNING: [filemgmt 56-199] Attempt to get parsing info during refresh. "On-the-fly" syntax checking information may be incorrect. [C:/Users/14603/Downloads/cpu_2/project_1.srcs/sources_1/imports/Downloads/vga_top.v:]
WARNING: [filemgmt 56-199] Attempt to get parsing info during refresh. "On-the-fly" syntax checking information may be incorrect. [C:/Users/14603/Downloads/cpu_2/project_1.srcs/sources_1/imports/再也不谈恋爱了/top.v:]
WARNING: [filemgmt 56-199] Attempt to get parsing info during refresh. "On-the-fly" syntax checking information may be incorrect. [C:/Users/14603/Downloads/cpu_2/project_1.srcs/sources_1/imports/Downloads/vga_top.v:]
WARNING: [filemgmt 56-199] Attempt to get parsing info during refresh. "On-the-fly" syntax checking information may be incorrect. [C:/Users/14603/Downloads/cpu_2/project_1.srcs/sources_1/imports/再也不谈恋爱了/top.v:]
WARNING: [filemgmt 56-199] Attempt to get parsing info during refresh. "On-the-fly" syntax checking information may be incorrect. [C:/Users/14603/Downloads/cpu_2/project_1.srcs/sources_1/imports/Downloads/vga_top.v:]
WARNING: [filemgmt 56-199] Attempt to get parsing info during refresh. "On-the-fly" syntax checking information may be incorrect. [C:/Users/14603/Downloads/cpu_2/project_1.srcs/sources_1/imports/再也不谈恋爱了/top.v:]
WARNING: [filemgmt 56-199] Attempt to get parsing info during refresh. "On-the-fly" syntax checking information may be incorrect. [C:/Users/14603/Downloads/cpu_2/project_1.srcs/sources_1/imports/Downloads/vga_top.v:]
WARNING: [filemgmt 56-199] Attempt to get parsing info during refresh. "On-the-fly" syntax checking information may be incorrect. [C:/Users/14603/Downloads/cpu_2/project_1.srcs/sources_1/imports/再也不谈恋爱了/top.v:]
WARNING: [filemgmt 56-199] Attempt to get parsing info during refresh. "On-the-fly" syntax checking information may be incorrect. [C:/Users/14603/Downloads/cpu_2/project_1.srcs/sources_1/imports/Downloads/vga_top.v:]
WARNING: [filemgmt 56-199] Attempt to get parsing info during refresh. "On-the-fly" syntax checking information may be incorrect. [C:/Users/14603/Downloads/cpu_2/project_1.srcs/sources_1/imports/再也不谈恋爱了/top.v:]
WARNING: [filemgmt 56-199] Attempt to get parsing info during refresh. "On-the-fly" syntax checking information may be incorrect. [C:/Users/14603/Downloads/cpu_2/project_1.srcs/sources_1/imports/Downloads/vga_top.v:]
ERROR: [Common 17-180] Spawn failed: Illegal byte sequence
WARNING: [filemgmt 56-199] Attempt to get parsing info during refresh. "On-the-fly" syntax checking information may be incorrect. [C:/Users/14603/Downloads/cpu_2/project_1.srcs/sources_1/imports/再也不谈恋爱了/top.v:]
WARNING: [filemgmt 56-199] Attempt to get parsing info during refresh. "On-the-fly" syntax checking information may be incorrect. [C:/Users/14603/Downloads/cpu_2/project_1.srcs/sources_1/imports/Downloads/vga_top.v:]
WARNING: [filemgmt 56-199] Attempt to get parsing info during refresh. "On-the-fly" syntax checking information may be incorrect. [C:/Users/14603/Downloads/cpu_2/project_1.srcs/sources_1/imports/再也不谈恋爱了/top.v:]
WARNING: [filemgmt 56-199] Attempt to get parsing info during refresh. "On-the-fly" syntax checking information may be incorrect. [C:/Users/14603/Downloads/cpu_2/project_1.srcs/sources_1/imports/Downloads/vga_top.v:]
WARNING: [filemgmt 56-199] Attempt to get parsing info during refresh. "On-the-fly" syntax checking information may be incorrect. [C:/Users/14603/Downloads/cpu_2/project_1.srcs/sources_1/imports/再也不谈恋爱了/top.v:]
WARNING: [filemgmt 56-199] Attempt to get parsing info during refresh. "On-the-fly" syntax checking information may be incorrect. [C:/Users/14603/Downloads/cpu_2/project_1.srcs/sources_1/imports/Downloads/vga_top.v:]
ERROR: [Common 17-180] Spawn failed: Illegal byte sequence
WARNING: [filemgmt 56-199] Attempt to get parsing info during refresh. "On-the-fly" syntax checking information may be incorrect. [C:/Users/14603/Downloads/cpu_2/project_1.srcs/sources_1/imports/再也不谈恋爱了/top.v:]
WARNING: [filemgmt 56-199] Attempt to get parsing info during refresh. "On-the-fly" syntax checking information may be incorrect. [C:/Users/14603/Downloads/cpu_2/project_1.srcs/sources_1/imports/Downloads/vga_top.v:]
WARNING: [filemgmt 56-199] Attempt to get parsing info during refresh. "On-the-fly" syntax checking information may be incorrect. [C:/Users/14603/Downloads/cpu_2/project_1.srcs/sources_1/imports/再也不谈恋爱了/top.v:]
WARNING: [filemgmt 56-199] Attempt to get parsing info during refresh. "On-the-fly" syntax checking information may be incorrect. [C:/Users/14603/Downloads/cpu_2/project_1.srcs/sources_1/imports/Downloads/vga_top.v:]
WARNING: [filemgmt 56-199] Attempt to get parsing info during refresh. "On-the-fly" syntax checking information may be incorrect. [C:/Users/14603/Downloads/cpu_2/project_1.srcs/sources_1/imports/再也不谈恋爱了/top.v:]
WARNING: [filemgmt 56-199] Attempt to get parsing info during refresh. "On-the-fly" syntax checking information may be incorrect. [C:/Users/14603/Downloads/cpu_2/project_1.srcs/sources_1/imports/Downloads/vga_top.v:]
ERROR: [Common 17-180] Spawn failed: Illegal byte sequence
WARNING: [filemgmt 56-199] Attempt to get parsing info during refresh. "On-the-fly" syntax checking information may be incorrect. [C:/Users/14603/Downloads/cpu_2/project_1.srcs/sources_1/imports/再也不谈恋爱了/top.v:]
WARNING: [filemgmt 56-199] Attempt to get parsing info during refresh. "On-the-fly" syntax checking information may be incorrect. [C:/Users/14603/Downloads/cpu_2/project_1.srcs/sources_1/imports/Downloads/vga_top.v:]
ERROR: [Common 17-180] Spawn failed: Illegal byte sequence
WARNING: [filemgmt 56-199] Attempt to get parsing info during refresh. "On-the-fly" syntax checking information may be incorrect. [C:/Users/14603/Downloads/cpu_2/project_1.srcs/sources_1/imports/再也不谈恋爱了/top.v:]
WARNING: [filemgmt 56-199] Attempt to get parsing info during refresh. "On-the-fly" syntax checking information may be incorrect. [C:/Users/14603/Downloads/cpu_2/project_1.srcs/sources_1/imports/Downloads/vga_top.v:]
ERROR: [Common 17-180] Spawn failed: Illegal byte sequence
WARNING: [filemgmt 56-199] Attempt to get parsing info during refresh. "On-the-fly" syntax checking information may be incorrect. [C:/Users/14603/Downloads/cpu_2/project_1.srcs/sources_1/imports/再也不谈恋爱了/top.v:]
WARNING: [filemgmt 56-199] Attempt to get parsing info during refresh. "On-the-fly" syntax checking information may be incorrect. [C:/Users/14603/Downloads/cpu_2/project_1.srcs/sources_1/imports/Downloads/vga_top.v:]
WARNING: [filemgmt 56-199] Attempt to get parsing info during refresh. "On-the-fly" syntax checking information may be incorrect. [C:/Users/14603/Downloads/cpu_2/project_1.srcs/sources_1/imports/再也不谈恋爱了/top.v:]
WARNING: [filemgmt 56-199] Attempt to get parsing info during refresh. "On-the-fly" syntax checking information may be incorrect. [C:/Users/14603/Downloads/cpu_2/project_1.srcs/sources_1/imports/Downloads/vga_top.v:]
ERROR: [Common 17-180] Spawn failed: Illegal byte sequence
WARNING: [filemgmt 56-199] Attempt to get parsing info during refresh. "On-the-fly" syntax checking information may be incorrect. [C:/Users/14603/Downloads/cpu_2/project_1.srcs/sources_1/imports/再也不谈恋爱了/top.v:]
WARNING: [filemgmt 56-199] Attempt to get parsing info during refresh. "On-the-fly" syntax checking information may be incorrect. [C:/Users/14603/Downloads/cpu_2/project_1.srcs/sources_1/imports/Downloads/vga_top.v:]
WARNING: [filemgmt 56-199] Attempt to get parsing info during refresh. "On-the-fly" syntax checking information may be incorrect. [C:/Users/14603/Downloads/cpu_2/project_1.srcs/sources_1/imports/再也不谈恋爱了/top.v:]
WARNING: [filemgmt 56-199] Attempt to get parsing info during refresh. "On-the-fly" syntax checking information may be incorrect. [C:/Users/14603/Downloads/cpu_2/project_1.srcs/sources_1/imports/Downloads/vga_top.v:]
ERROR: [Common 17-180] Spawn failed: Illegal byte sequence
WARNING: [filemgmt 56-199] Attempt to get parsing info during refresh. "On-the-fly" syntax checking information may be incorrect. [C:/Users/14603/Downloads/cpu_2/project_1.srcs/sources_1/imports/再也不谈恋爱了/top.v:]
WARNING: [filemgmt 56-199] Attempt to get parsing info during refresh. "On-the-fly" syntax checking information may be incorrect. [C:/Users/14603/Downloads/cpu_2/project_1.srcs/sources_1/imports/Downloads/vga_top.v:]
WARNING: [filemgmt 56-199] Attempt to get parsing info during refresh. "On-the-fly" syntax checking information may be incorrect. [C:/Users/14603/Downloads/cpu_2/project_1.srcs/sources_1/imports/再也不谈恋爱了/top.v:]
WARNING: [filemgmt 56-199] Attempt to get parsing info during refresh. "On-the-fly" syntax checking information may be incorrect. [C:/Users/14603/Downloads/cpu_2/project_1.srcs/sources_1/imports/Downloads/vga_top.v:]
ERROR: [Common 17-180] Spawn failed: Illegal byte sequence
WARNING: [filemgmt 56-199] Attempt to get parsing info during refresh. "On-the-fly" syntax checking information may be incorrect. [C:/Users/14603/Downloads/cpu_2/project_1.srcs/sources_1/imports/再也不谈恋爱了/top.v:]
WARNING: [filemgmt 56-199] Attempt to get parsing info during refresh. "On-the-fly" syntax checking information may be incorrect. [C:/Users/14603/Downloads/cpu_2/project_1.srcs/sources_1/imports/Downloads/vga_top.v:]
ERROR: [Common 17-180] Spawn failed: Illegal byte sequence
WARNING: [filemgmt 56-199] Attempt to get parsing info during refresh. "On-the-fly" syntax checking information may be incorrect. [C:/Users/14603/Downloads/cpu_2/project_1.srcs/sources_1/imports/再也不谈恋爱了/top.v:]
WARNING: [filemgmt 56-199] Attempt to get parsing info during refresh. "On-the-fly" syntax checking information may be incorrect. [C:/Users/14603/Downloads/cpu_2/project_1.srcs/sources_1/imports/Downloads/vga_top.v:]
WARNING: [filemgmt 56-199] Attempt to get parsing info during refresh. "On-the-fly" syntax checking information may be incorrect. [C:/Users/14603/Downloads/cpu_2/project_1.srcs/sources_1/imports/再也不谈恋爱了/top.v:]
WARNING: [filemgmt 56-199] Attempt to get parsing info during refresh. "On-the-fly" syntax checking information may be incorrect. [C:/Users/14603/Downloads/cpu_2/project_1.srcs/sources_1/imports/Downloads/vga_top.v:]
ERROR: [Common 17-180] Spawn failed: Illegal byte sequence
WARNING: [filemgmt 56-199] Attempt to get parsing info during refresh. "On-the-fly" syntax checking information may be incorrect. [C:/Users/14603/Downloads/cpu_2/project_1.srcs/sources_1/imports/再也不谈恋爱了/top.v:]
WARNING: [filemgmt 56-199] Attempt to get parsing info during refresh. "On-the-fly" syntax checking information may be incorrect. [C:/Users/14603/Downloads/cpu_2/project_1.srcs/sources_1/imports/Downloads/vga_top.v:]
ERROR: [Common 17-180] Spawn failed: Illegal byte sequence
WARNING: [filemgmt 56-199] Attempt to get parsing info during refresh. "On-the-fly" syntax checking information may be incorrect. [C:/Users/14603/Downloads/cpu_2/project_1.srcs/sources_1/imports/再也不谈恋爱了/top.v:]
WARNING: [filemgmt 56-199] Attempt to get parsing info during refresh. "On-the-fly" syntax checking information may be incorrect. [C:/Users/14603/Downloads/cpu_2/project_1.srcs/sources_1/imports/Downloads/vga_top.v:]
ERROR: [Common 17-180] Spawn failed: Illegal byte sequence
WARNING: [filemgmt 56-199] Attempt to get parsing info during refresh. "On-the-fly" syntax checking information may be incorrect. [C:/Users/14603/Downloads/cpu_2/project_1.srcs/sources_1/imports/再也不谈恋爱了/top.v:]
WARNING: [filemgmt 56-199] Attempt to get parsing info during refresh. "On-the-fly" syntax checking information may be incorrect. [C:/Users/14603/Downloads/cpu_2/project_1.srcs/sources_1/imports/Downloads/vga_top.v:]
ERROR: [Common 17-180] Spawn failed: Illegal byte sequence
WARNING: [filemgmt 56-199] Attempt to get parsing info during refresh. "On-the-fly" syntax checking information may be incorrect. [C:/Users/14603/Downloads/cpu_2/project_1.srcs/sources_1/imports/再也不谈恋爱了/top.v:]
WARNING: [filemgmt 56-199] Attempt to get parsing info during refresh. "On-the-fly" syntax checking information may be incorrect. [C:/Users/14603/Downloads/cpu_2/project_1.srcs/sources_1/imports/Downloads/vga_top.v:]
ERROR: [Common 17-180] Spawn failed: Illegal byte sequence
WARNING: [filemgmt 56-199] Attempt to get parsing info during refresh. "On-the-fly" syntax checking information may be incorrect. [C:/Users/14603/Downloads/cpu_2/project_1.srcs/sources_1/imports/再也不谈恋爱了/top.v:]
WARNING: [filemgmt 56-199] Attempt to get parsing info during refresh. "On-the-fly" syntax checking information may be incorrect. [C:/Users/14603/Downloads/cpu_2/project_1.srcs/sources_1/imports/Downloads/vga_top.v:]
WARNING: [filemgmt 56-199] Attempt to get parsing info during refresh. "On-the-fly" syntax checking information may be incorrect. [C:/Users/14603/Downloads/cpu_2/project_1.srcs/sources_1/imports/再也不谈恋爱了/top.v:]
WARNING: [filemgmt 56-199] Attempt to get parsing info during refresh. "On-the-fly" syntax checking information may be incorrect. [C:/Users/14603/Downloads/cpu_2/project_1.srcs/sources_1/imports/Downloads/vga_top.v:]
ERROR: [Common 17-180] Spawn failed: Illegal byte sequence
WARNING: [filemgmt 56-199] Attempt to get parsing info during refresh. "On-the-fly" syntax checking information may be incorrect. [C:/Users/14603/Downloads/cpu_2/project_1.srcs/sources_1/imports/再也不谈恋爱了/top.v:]
WARNING: [filemgmt 56-199] Attempt to get parsing info during refresh. "On-the-fly" syntax checking information may be incorrect. [C:/Users/14603/Downloads/cpu_2/project_1.srcs/sources_1/imports/Downloads/vga_top.v:]
ERROR: [Common 17-180] Spawn failed: Illegal byte sequence
WARNING: [filemgmt 56-199] Attempt to get parsing info during refresh. "On-the-fly" syntax checking information may be incorrect. [C:/Users/14603/Downloads/cpu_2/project_1.srcs/sources_1/imports/再也不谈恋爱了/top.v:]
WARNING: [filemgmt 56-199] Attempt to get parsing info during refresh. "On-the-fly" syntax checking information may be incorrect. [C:/Users/14603/Downloads/cpu_2/project_1.srcs/sources_1/imports/Downloads/vga_top.v:]
ERROR: [Common 17-180] Spawn failed: Illegal byte sequence
WARNING: [filemgmt 56-199] Attempt to get parsing info during refresh. "On-the-fly" syntax checking information may be incorrect. [C:/Users/14603/Downloads/cpu_2/project_1.srcs/sources_1/imports/再也不谈恋爱了/top.v:]
WARNING: [filemgmt 56-199] Attempt to get parsing info during refresh. "On-the-fly" syntax checking information may be incorrect. [C:/Users/14603/Downloads/cpu_2/project_1.srcs/sources_1/imports/Downloads/vga_top.v:]
WARNING: [filemgmt 56-199] Attempt to get parsing info during refresh. "On-the-fly" syntax checking information may be incorrect. [C:/Users/14603/Downloads/cpu_2/project_1.srcs/sources_1/imports/再也不谈恋爱了/top.v:]
WARNING: [filemgmt 56-199] Attempt to get parsing info during refresh. "On-the-fly" syntax checking information may be incorrect. [C:/Users/14603/Downloads/cpu_2/project_1.srcs/sources_1/imports/Downloads/vga_top.v:]
ERROR: [Common 17-180] Spawn failed: Illegal byte sequence
WARNING: [filemgmt 56-199] Attempt to get parsing info during refresh. "On-the-fly" syntax checking information may be incorrect. [C:/Users/14603/Downloads/cpu_2/project_1.srcs/sources_1/imports/再也不谈恋爱了/top.v:]
WARNING: [filemgmt 56-199] Attempt to get parsing info during refresh. "On-the-fly" syntax checking information may be incorrect. [C:/Users/14603/Downloads/cpu_2/project_1.srcs/sources_1/imports/Downloads/vga_top.v:]
WARNING: [filemgmt 56-199] Attempt to get parsing info during refresh. "On-the-fly" syntax checking information may be incorrect. [C:/Users/14603/Downloads/cpu_2/project_1.srcs/sources_1/imports/再也不谈恋爱了/top.v:]
WARNING: [filemgmt 56-199] Attempt to get parsing info during refresh. "On-the-fly" syntax checking information may be incorrect. [C:/Users/14603/Downloads/cpu_2/project_1.srcs/sources_1/imports/Downloads/vga_top.v:]
ERROR: [Common 17-180] Spawn failed: Illegal byte sequence
WARNING: [filemgmt 56-199] Attempt to get parsing info during refresh. "On-the-fly" syntax checking information may be incorrect. [C:/Users/14603/Downloads/cpu_2/project_1.srcs/sources_1/imports/再也不谈恋爱了/top.v:]
WARNING: [filemgmt 56-199] Attempt to get parsing info during refresh. "On-the-fly" syntax checking information may be incorrect. [C:/Users/14603/Downloads/cpu_2/project_1.srcs/sources_1/imports/Downloads/vga_top.v:]
WARNING: [filemgmt 56-199] Attempt to get parsing info during refresh. "On-the-fly" syntax checking information may be incorrect. [C:/Users/14603/Downloads/cpu_2/project_1.srcs/sources_1/imports/再也不谈恋爱了/top.v:]
WARNING: [filemgmt 56-199] Attempt to get parsing info during refresh. "On-the-fly" syntax checking information may be incorrect. [C:/Users/14603/Downloads/cpu_2/project_1.srcs/sources_1/imports/Downloads/vga_top.v:]
ERROR: [Common 17-180] Spawn failed: Illegal byte sequence
WARNING: [filemgmt 56-199] Attempt to get parsing info during refresh. "On-the-fly" syntax checking information may be incorrect. [C:/Users/14603/Downloads/cpu_2/project_1.srcs/sources_1/imports/再也不谈恋爱了/top.v:]
WARNING: [filemgmt 56-199] Attempt to get parsing info during refresh. "On-the-fly" syntax checking information may be incorrect. [C:/Users/14603/Downloads/cpu_2/project_1.srcs/sources_1/imports/Downloads/vga_top.v:]
ERROR: [Common 17-180] Spawn failed: Illegal byte sequence
WARNING: [filemgmt 56-199] Attempt to get parsing info during refresh. "On-the-fly" syntax checking information may be incorrect. [C:/Users/14603/Downloads/cpu_2/project_1.srcs/sources_1/imports/再也不谈恋爱了/top.v:]
WARNING: [filemgmt 56-199] Attempt to get parsing info during refresh. "On-the-fly" syntax checking information may be incorrect. [C:/Users/14603/Downloads/cpu_2/project_1.srcs/sources_1/imports/Downloads/vga_top.v:]
ERROR: [Common 17-180] Spawn failed: Illegal byte sequence
WARNING: [filemgmt 56-199] Attempt to get parsing info during refresh. "On-the-fly" syntax checking information may be incorrect. [C:/Users/14603/Downloads/cpu_2/project_1.srcs/sources_1/imports/再也不谈恋爱了/top.v:]
WARNING: [filemgmt 56-199] Attempt to get parsing info during refresh. "On-the-fly" syntax checking information may be incorrect. [C:/Users/14603/Downloads/cpu_2/project_1.srcs/sources_1/imports/Downloads/vga_top.v:]
ERROR: [Common 17-180] Spawn failed: Illegal byte sequence
WARNING: [filemgmt 56-199] Attempt to get parsing info during refresh. "On-the-fly" syntax checking information may be incorrect. [C:/Users/14603/Downloads/cpu_2/project_1.srcs/sources_1/imports/再也不谈恋爱了/top.v:]
WARNING: [filemgmt 56-199] Attempt to get parsing info during refresh. "On-the-fly" syntax checking information may be incorrect. [C:/Users/14603/Downloads/cpu_2/project_1.srcs/sources_1/imports/Downloads/vga_top.v:]
ERROR: [Common 17-180] Spawn failed: Illegal byte sequence
WARNING: [filemgmt 56-199] Attempt to get parsing info during refresh. "On-the-fly" syntax checking information may be incorrect. [C:/Users/14603/Downloads/cpu_2/project_1.srcs/sources_1/imports/再也不谈恋爱了/top.v:]
WARNING: [filemgmt 56-199] Attempt to get parsing info during refresh. "On-the-fly" syntax checking information may be incorrect. [C:/Users/14603/Downloads/cpu_2/project_1.srcs/sources_1/imports/Downloads/vga_top.v:]
ERROR: [Common 17-180] Spawn failed: Illegal byte sequence
WARNING: [filemgmt 56-199] Attempt to get parsing info during refresh. "On-the-fly" syntax checking information may be incorrect. [C:/Users/14603/Downloads/cpu_2/project_1.srcs/sources_1/imports/再也不谈恋爱了/top.v:]
WARNING: [filemgmt 56-199] Attempt to get parsing info during refresh. "On-the-fly" syntax checking information may be incorrect. [C:/Users/14603/Downloads/cpu_2/project_1.srcs/sources_1/imports/Downloads/vga_top.v:]
ERROR: [Common 17-180] Spawn failed: Illegal byte sequence
WARNING: [filemgmt 56-199] Attempt to get parsing info during refresh. "On-the-fly" syntax checking information may be incorrect. [C:/Users/14603/Downloads/cpu_2/project_1.srcs/sources_1/imports/再也不谈恋爱了/top.v:]
WARNING: [filemgmt 56-199] Attempt to get parsing info during refresh. "On-the-fly" syntax checking information may be incorrect. [C:/Users/14603/Downloads/cpu_2/project_1.srcs/sources_1/imports/Downloads/vga_top.v:]
INFO: [Common 17-14] Message 'filemgmt 56-199' appears 100 times and further instances of the messages will be disabled. Use the Tcl command set_msg_config to change the current settings.
ERROR: [Common 17-180] Spawn failed: Illegal byte sequence
ERROR: [Common 17-180] Spawn failed: Illegal byte sequence
ERROR: [Common 17-180] Spawn failed: Illegal byte sequence
ERROR: [Common 17-180] Spawn failed: Illegal byte sequence
ERROR: [Common 17-180] Spawn failed: Illegal byte sequence
ERROR: [Common 17-180] Spawn failed: Illegal byte sequence
ERROR: [Common 17-180] Spawn failed: Illegal byte sequence
ERROR: [Common 17-180] Spawn failed: Illegal byte sequence
ERROR: [Common 17-180] Spawn failed: Illegal byte sequence
ERROR: [Common 17-180] Spawn failed: Illegal byte sequence
ERROR: [Common 17-180] Spawn failed: Illegal byte sequence
ERROR: [Common 17-180] Spawn failed: Illegal byte sequence
ERROR: [Common 17-180] Spawn failed: Illegal byte sequence
ERROR: [Common 17-180] Spawn failed: Illegal byte sequence
WARNING: [filemgmt 56-199] Attempt to get parsing info during refresh. "On-the-fly" syntax checking information may be incorrect. [C:/Users/14603/Downloads/cpu_2/project_1.srcs/sources_1/imports/再也不谈恋爱了/top.v:]
WARNING: [filemgmt 56-199] Attempt to get parsing info during refresh. "On-the-fly" syntax checking information may be incorrect. [C:/Users/14603/Downloads/cpu_2/project_1.srcs/sources_1/imports/Downloads/vga_top.v:]
WARNING: [filemgmt 56-199] Attempt to get parsing info during refresh. "On-the-fly" syntax checking information may be incorrect. [C:/Users/14603/Downloads/cpu_2/project_1.srcs/sources_1/imports/再也不谈恋爱了/top.v:]
WARNING: [filemgmt 56-199] Attempt to get parsing info during refresh. "On-the-fly" syntax checking information may be incorrect. [C:/Users/14603/Downloads/cpu_2/project_1.srcs/sources_1/imports/Downloads/vga_top.v:]
ERROR: [Common 17-180] Spawn failed: Illegal byte sequence
WARNING: [filemgmt 56-199] Attempt to get parsing info during refresh. "On-the-fly" syntax checking information may be incorrect. [C:/Users/14603/Downloads/cpu_2/project_1.srcs/sources_1/imports/再也不谈恋爱了/top.v:]
WARNING: [filemgmt 56-199] Attempt to get parsing info during refresh. "On-the-fly" syntax checking information may be incorrect. [C:/Users/14603/Downloads/cpu_2/project_1.srcs/sources_1/imports/Downloads/vga_top.v:]
ERROR: [Common 17-180] Spawn failed: Illegal byte sequence
WARNING: [filemgmt 56-199] Attempt to get parsing info during refresh. "On-the-fly" syntax checking information may be incorrect. [C:/Users/14603/Downloads/cpu_2/project_1.srcs/sources_1/imports/再也不谈恋爱了/top.v:]
WARNING: [filemgmt 56-199] Attempt to get parsing info during refresh. "On-the-fly" syntax checking information may be incorrect. [C:/Users/14603/Downloads/cpu_2/project_1.srcs/sources_1/imports/Downloads/vga_top.v:]
ERROR: [Common 17-180] Spawn failed: Illegal byte sequence
WARNING: [filemgmt 56-199] Attempt to get parsing info during refresh. "On-the-fly" syntax checking information may be incorrect. [C:/Users/14603/Downloads/cpu_2/project_1.srcs/sources_1/imports/再也不谈恋爱了/top.v:]
WARNING: [filemgmt 56-199] Attempt to get parsing info during refresh. "On-the-fly" syntax checking information may be incorrect. [C:/Users/14603/Downloads/cpu_2/project_1.srcs/sources_1/imports/Downloads/vga_top.v:]
WARNING: [filemgmt 56-199] Attempt to get parsing info during refresh. "On-the-fly" syntax checking information may be incorrect. [C:/Users/14603/Downloads/cpu_2/project_1.srcs/sources_1/imports/再也不谈恋爱了/top.v:]
WARNING: [filemgmt 56-199] Attempt to get parsing info during refresh. "On-the-fly" syntax checking information may be incorrect. [C:/Users/14603/Downloads/cpu_2/project_1.srcs/sources_1/imports/Downloads/vga_top.v:]
ERROR: [Common 17-180] Spawn failed: Illegal byte sequence
WARNING: [filemgmt 56-199] Attempt to get parsing info during refresh. "On-the-fly" syntax checking information may be incorrect. [C:/Users/14603/Downloads/cpu_2/project_1.srcs/sources_1/imports/再也不谈恋爱了/top.v:]
WARNING: [filemgmt 56-199] Attempt to get parsing info during refresh. "On-the-fly" syntax checking information may be incorrect. [C:/Users/14603/Downloads/cpu_2/project_1.srcs/sources_1/imports/Downloads/vga_top.v:]
WARNING: [filemgmt 56-199] Attempt to get parsing info during refresh. "On-the-fly" syntax checking information may be incorrect. [C:/Users/14603/Downloads/cpu_2/project_1.srcs/sources_1/imports/再也不谈恋爱了/top.v:]
WARNING: [filemgmt 56-199] Attempt to get parsing info during refresh. "On-the-fly" syntax checking information may be incorrect. [C:/Users/14603/Downloads/cpu_2/project_1.srcs/sources_1/imports/Downloads/vga_top.v:]
ERROR: [Common 17-180] Spawn failed: Illegal byte sequence
WARNING: [filemgmt 56-199] Attempt to get parsing info during refresh. "On-the-fly" syntax checking information may be incorrect. [C:/Users/14603/Downloads/cpu_2/project_1.srcs/sources_1/imports/再也不谈恋爱了/top.v:]
WARNING: [filemgmt 56-199] Attempt to get parsing info during refresh. "On-the-fly" syntax checking information may be incorrect. [C:/Users/14603/Downloads/cpu_2/project_1.srcs/sources_1/imports/Downloads/vga_top.v:]
WARNING: [filemgmt 56-199] Attempt to get parsing info during refresh. "On-the-fly" syntax checking information may be incorrect. [C:/Users/14603/Downloads/cpu_2/project_1.srcs/sources_1/imports/再也不谈恋爱了/top.v:]
WARNING: [filemgmt 56-199] Attempt to get parsing info during refresh. "On-the-fly" syntax checking information may be incorrect. [C:/Users/14603/Downloads/cpu_2/project_1.srcs/sources_1/imports/Downloads/vga_top.v:]
ERROR: [Common 17-180] Spawn failed: Illegal byte sequence
WARNING: [filemgmt 56-199] Attempt to get parsing info during refresh. "On-the-fly" syntax checking information may be incorrect. [C:/Users/14603/Downloads/cpu_2/project_1.srcs/sources_1/imports/再也不谈恋爱了/top.v:]
WARNING: [filemgmt 56-199] Attempt to get parsing info during refresh. "On-the-fly" syntax checking information may be incorrect. [C:/Users/14603/Downloads/cpu_2/project_1.srcs/sources_1/imports/Downloads/vga_top.v:]
ERROR: [Common 17-180] Spawn failed: Illegal byte sequence
WARNING: [filemgmt 56-199] Attempt to get parsing info during refresh. "On-the-fly" syntax checking information may be incorrect. [C:/Users/14603/Downloads/cpu_2/project_1.srcs/sources_1/imports/再也不谈恋爱了/top.v:]
WARNING: [filemgmt 56-199] Attempt to get parsing info during refresh. "On-the-fly" syntax checking information may be incorrect. [C:/Users/14603/Downloads/cpu_2/project_1.srcs/sources_1/imports/Downloads/vga_top.v:]
ERROR: [Common 17-180] Spawn failed: Illegal byte sequence
WARNING: [filemgmt 56-199] Attempt to get parsing info during refresh. "On-the-fly" syntax checking information may be incorrect. [C:/Users/14603/Downloads/cpu_2/project_1.srcs/sources_1/imports/再也不谈恋爱了/top.v:]
WARNING: [filemgmt 56-199] Attempt to get parsing info during refresh. "On-the-fly" syntax checking information may be incorrect. [C:/Users/14603/Downloads/cpu_2/project_1.srcs/sources_1/imports/Downloads/vga_top.v:]
ERROR: [Common 17-180] Spawn failed: Illegal byte sequence
reset_run synth_1
launch_runs impl_1 -to_step write_bitstream -jobs 2
INFO: [Vivado 12-4149] The synthesis checkpoint for IP 'C:/Users/14603/Downloads/cpu_2/project_1.srcs/sources_1/ip/uart_bmpg_0_1/uart_bmpg_0.xci' is already up-to-date
[Sat May 27 16:19:43 2023] Launched synth_1...
Run output will be captured here: C:/Users/14603/Downloads/cpu_2/project_1.runs/synth_1/runme.log
[Sat May 27 16:19:43 2023] Launched impl_1...
Run output will be captured here: C:/Users/14603/Downloads/cpu_2/project_1.runs/impl_1/runme.log
WARNING: [filemgmt 56-199] Attempt to get parsing info during refresh. "On-the-fly" syntax checking information may be incorrect. [C:/Users/14603/Downloads/cpu_2/project_1.srcs/sources_1/imports/再也不谈恋爱了/top.v:]
WARNING: [filemgmt 56-199] Attempt to get parsing info during refresh. "On-the-fly" syntax checking information may be incorrect. [C:/Users/14603/Downloads/cpu_2/project_1.srcs/sources_1/imports/Downloads/vga_top.v:]
ERROR: [Common 17-180] Spawn failed: Illegal byte sequence
WARNING: [filemgmt 56-199] Attempt to get parsing info during refresh. "On-the-fly" syntax checking information may be incorrect. [C:/Users/14603/Downloads/cpu_2/project_1.srcs/sources_1/imports/再也不谈恋爱了/top.v:]
WARNING: [filemgmt 56-199] Attempt to get parsing info during refresh. "On-the-fly" syntax checking information may be incorrect. [C:/Users/14603/Downloads/cpu_2/project_1.srcs/sources_1/imports/Downloads/vga_top.v:]
ERROR: [Common 17-180] Spawn failed: Illegal byte sequence
WARNING: [filemgmt 56-199] Attempt to get parsing info during refresh. "On-the-fly" syntax checking information may be incorrect. [C:/Users/14603/Downloads/cpu_2/project_1.srcs/sources_1/imports/再也不谈恋爱了/top.v:]
WARNING: [filemgmt 56-199] Attempt to get parsing info during refresh. "On-the-fly" syntax checking information may be incorrect. [C:/Users/14603/Downloads/cpu_2/project_1.srcs/sources_1/imports/Downloads/vga_top.v:]
ERROR: [Common 17-180] Spawn failed: Illegal byte sequence
reset_run synth_1
launch_runs impl_1 -to_step write_bitstream -jobs 2
INFO: [Vivado 12-4149] The synthesis checkpoint for IP 'C:/Users/14603/Downloads/cpu_2/project_1.srcs/sources_1/ip/uart_bmpg_0_1/uart_bmpg_0.xci' is already up-to-date
[Sat May 27 16:20:51 2023] Launched synth_1...
Run output will be captured here: C:/Users/14603/Downloads/cpu_2/project_1.runs/synth_1/runme.log
[Sat May 27 16:20:51 2023] Launched impl_1...
Run output will be captured here: C:/Users/14603/Downloads/cpu_2/project_1.runs/impl_1/runme.log
reset_run impl_1 -prev_step 
launch_runs impl_1 -to_step write_bitstream -jobs 2
INFO: [Vivado 12-4149] The synthesis checkpoint for IP 'C:/Users/14603/Downloads/cpu_2/project_1.srcs/sources_1/ip/uart_bmpg_0_1/uart_bmpg_0.xci' is already up-to-date
WARNING: [Vivado 12-872] Run step 'Design Initialization' is out-of-date.
[Sat May 27 16:27:57 2023] Launched impl_1...
Run output will be captured here: C:/Users/14603/Downloads/cpu_2/project_1.runs/impl_1/runme.log
reset_run synth_1
launch_runs impl_1 -to_step write_bitstream -jobs 2
INFO: [Vivado 12-4149] The synthesis checkpoint for IP 'C:/Users/14603/Downloads/cpu_2/project_1.srcs/sources_1/ip/uart_bmpg_0_1/uart_bmpg_0.xci' is already up-to-date
[Sat May 27 17:27:29 2023] Launched synth_1...
Run output will be captured here: C:/Users/14603/Downloads/cpu_2/project_1.runs/synth_1/runme.log
[Sat May 27 17:27:29 2023] Launched impl_1...
Run output will be captured here: C:/Users/14603/Downloads/cpu_2/project_1.runs/impl_1/runme.log
open_hw
connect_hw_server
INFO: [Labtools 27-2285] Connecting to hw_server url TCP:localhost:3121
INFO: [Labtools 27-2222] Launching hw_server...
INFO: [Labtools 27-2221] Launch Output:

****** Xilinx hw_server v2017.4
  **** Build date : Dec 15 2017-21:08:27
    ** Copyright 1986-2017 Xilinx, Inc. All Rights Reserved.


open_hw_target
INFO: [Labtoolstcl 44-466] Opening hw_target localhost:3121/xilinx_tcf/Xilinx/1234-tulA
set_property PROGRAM.FILE {C:/Users/14603/Downloads/cpu_2/project_1.runs/impl_1/top.bit} [get_hw_devices xc7a100t_0]
current_hw_device [get_hw_devices xc7a100t_0]
refresh_hw_device -update_hw_probes false [lindex [get_hw_devices xc7a100t_0] 0]
INFO: [Labtools 27-1434] Device xc7a100t (JTAG device index = 0) is programmed with a design that has no supported debug core(s) in it.
WARNING: [Labtools 27-3361] The debug hub core was not detected.
Resolution: 
1. Make sure the clock connected to the debug hub (dbg_hub) core is a free running clock and is active.
2. Make sure the BSCAN_SWITCH_USER_MASK device property in Vivado Hardware Manager reflects the user scan chain setting in the design and refresh the device.  To determine the user scan chain setting in the design, open the implemented design and use 'get_property C_USER_SCAN_CHAIN [get_debug_cores dbg_hub]'.
For more details on setting the scan chain property, consult the Vivado Debug and Programming User Guide (UG908).
set_property PROBES.FILE {} [get_hw_devices xc7a100t_0]
set_property FULL_PROBES.FILE {} [get_hw_devices xc7a100t_0]
set_property PROGRAM.FILE {C:/Users/14603/Downloads/cpu_2/project_1.runs/impl_1/top.bit} [get_hw_devices xc7a100t_0]
program_hw_devices [get_hw_devices xc7a100t_0]
INFO: [Labtools 27-3164] End of startup status: HIGH
refresh_hw_device [lindex [get_hw_devices xc7a100t_0] 0]
INFO: [Labtools 27-1434] Device xc7a100t (JTAG device index = 0) is programmed with a design that has no supported debug core(s) in it.
WARNING: [Labtools 27-3361] The debug hub core was not detected.
Resolution: 
1. Make sure the clock connected to the debug hub (dbg_hub) core is a free running clock and is active.
2. Make sure the BSCAN_SWITCH_USER_MASK device property in Vivado Hardware Manager reflects the user scan chain setting in the design and refresh the device.  To determine the user scan chain setting in the design, open the implemented design and use 'get_property C_USER_SCAN_CHAIN [get_debug_cores dbg_hub]'.
For more details on setting the scan chain property, consult the Vivado Debug and Programming User Guide (UG908).
set_property PROBES.FILE {} [get_hw_devices xc7a100t_0]
set_property FULL_PROBES.FILE {} [get_hw_devices xc7a100t_0]
set_property PROGRAM.FILE {C:/Users/14603/Downloads/cpu_2/project_1.runs/impl_1/top.bit} [get_hw_devices xc7a100t_0]
program_hw_devices [get_hw_devices xc7a100t_0]
INFO: [Labtools 27-3164] End of startup status: HIGH
refresh_hw_device [lindex [get_hw_devices xc7a100t_0] 0]
INFO: [Labtools 27-1434] Device xc7a100t (JTAG device index = 0) is programmed with a design that has no supported debug core(s) in it.
WARNING: [Labtools 27-3361] The debug hub core was not detected.
Resolution: 
1. Make sure the clock connected to the debug hub (dbg_hub) core is a free running clock and is active.
2. Make sure the BSCAN_SWITCH_USER_MASK device property in Vivado Hardware Manager reflects the user scan chain setting in the design and refresh the device.  To determine the user scan chain setting in the design, open the implemented design and use 'get_property C_USER_SCAN_CHAIN [get_debug_cores dbg_hub]'.
For more details on setting the scan chain property, consult the Vivado Debug and Programming User Guide (UG908).
ERROR: [Labtoolstcl 44-513] HW Target shutdown. Closing target: localhost:3121/xilinx_tcf/Xilinx/1234-tulA
INFO: [Labtoolstcl 44-466] Opening hw_target localhost:3121/xilinx_tcf/Xilinx/1234-tulA
INFO: [Labtools 27-1434] Device xc7a100t (JTAG device index = 0) is programmed with a design that has no supported debug core(s) in it.
WARNING: [Labtools 27-3361] The debug hub core was not detected.
Resolution: 
1. Make sure the clock connected to the debug hub (dbg_hub) core is a free running clock and is active.
2. Make sure the BSCAN_SWITCH_USER_MASK device property in Vivado Hardware Manager reflects the user scan chain setting in the design and refresh the device.  To determine the user scan chain setting in the design, open the implemented design and use 'get_property C_USER_SCAN_CHAIN [get_debug_cores dbg_hub]'.
For more details on setting the scan chain property, consult the Vivado Debug and Programming User Guide (UG908).
WARNING: [Labtoolstcl 44-129] No matching hw_ila_data was found.
set_property PROBES.FILE {} [get_hw_devices xc7a100t_0]
set_property FULL_PROBES.FILE {} [get_hw_devices xc7a100t_0]
set_property PROGRAM.FILE {C:/Users/14603/Downloads/cpu_2/project_1.runs/impl_1/top.bit} [get_hw_devices xc7a100t_0]
program_hw_devices [get_hw_devices xc7a100t_0]
INFO: [Labtools 27-3164] End of startup status: HIGH
refresh_hw_device [lindex [get_hw_devices xc7a100t_0] 0]
INFO: [Labtools 27-1434] Device xc7a100t (JTAG device index = 0) is programmed with a design that has no supported debug core(s) in it.
WARNING: [Labtools 27-3361] The debug hub core was not detected.
Resolution: 
1. Make sure the clock connected to the debug hub (dbg_hub) core is a free running clock and is active.
2. Make sure the BSCAN_SWITCH_USER_MASK device property in Vivado Hardware Manager reflects the user scan chain setting in the design and refresh the device.  To determine the user scan chain setting in the design, open the implemented design and use 'get_property C_USER_SCAN_CHAIN [get_debug_cores dbg_hub]'.
For more details on setting the scan chain property, consult the Vivado Debug and Programming User Guide (UG908).
close_hw
open_hw
connect_hw_server
INFO: [Labtools 27-2285] Connecting to hw_server url TCP:localhost:3121
INFO: [Labtools 27-2222] Launching hw_server...
INFO: [Labtools 27-2221] Launch Output:

****** Xilinx hw_server v2017.4
  **** Build date : Dec 15 2017-21:08:27
    ** Copyright 1986-2017 Xilinx, Inc. All Rights Reserved.


open_hw_target
INFO: [Labtoolstcl 44-466] Opening hw_target localhost:3121/xilinx_tcf/Xilinx/1234-tulA
set_property PROGRAM.FILE {C:/Users/14603/Downloads/cpu_2/project_1.runs/impl_1/top.bit} [get_hw_devices xc7a100t_0]
current_hw_device [get_hw_devices xc7a100t_0]
refresh_hw_device -update_hw_probes false [lindex [get_hw_devices xc7a100t_0] 0]
INFO: [Labtools 27-1434] Device xc7a100t (JTAG device index = 0) is programmed with a design that has no supported debug core(s) in it.
WARNING: [Labtools 27-3361] The debug hub core was not detected.
Resolution: 
1. Make sure the clock connected to the debug hub (dbg_hub) core is a free running clock and is active.
2. Make sure the BSCAN_SWITCH_USER_MASK device property in Vivado Hardware Manager reflects the user scan chain setting in the design and refresh the device.  To determine the user scan chain setting in the design, open the implemented design and use 'get_property C_USER_SCAN_CHAIN [get_debug_cores dbg_hub]'.
For more details on setting the scan chain property, consult the Vivado Debug and Programming User Guide (UG908).
set_property PROBES.FILE {} [get_hw_devices xc7a100t_0]
set_property FULL_PROBES.FILE {} [get_hw_devices xc7a100t_0]
set_property PROGRAM.FILE {C:/Users/14603/Downloads/cpu_2/project_1.runs/impl_1/top.bit} [get_hw_devices xc7a100t_0]
program_hw_devices [get_hw_devices xc7a100t_0]
INFO: [Labtools 27-3164] End of startup status: HIGH
refresh_hw_device [lindex [get_hw_devices xc7a100t_0] 0]
INFO: [Labtools 27-1434] Device xc7a100t (JTAG device index = 0) is programmed with a design that has no supported debug core(s) in it.
WARNING: [Labtools 27-3361] The debug hub core was not detected.
Resolution: 
1. Make sure the clock connected to the debug hub (dbg_hub) core is a free running clock and is active.
2. Make sure the BSCAN_SWITCH_USER_MASK device property in Vivado Hardware Manager reflects the user scan chain setting in the design and refresh the device.  To determine the user scan chain setting in the design, open the implemented design and use 'get_property C_USER_SCAN_CHAIN [get_debug_cores dbg_hub]'.
For more details on setting the scan chain property, consult the Vivado Debug and Programming User Guide (UG908).
close_hw
exit
INFO: [Common 17-206] Exiting Vivado at Sat May 27 20:47:39 2023...
