INFO: [VRFC 10-2263] Analyzing Verilog file "C:/Users/Administrator/Desktop/project_1/project_1.sim/sim_1/synth/func/xsim/sim_coe_func_synth.v" into library xil_defaultlib
INFO: [VRFC 10-311] analyzing module RAM
INFO: [VRFC 10-311] analyzing module cpu
INFO: [VRFC 10-311] analyzing module cpuclk
INFO: [VRFC 10-311] analyzing module cpuclk_cpuclk_clk_wiz
INFO: [VRFC 10-311] analyzing module dmemory32
INFO: [VRFC 10-311] analyzing module ex_mem
INFO: [VRFC 10-311] analyzing module execute
INFO: [VRFC 10-311] analyzing module gen_regs
INFO: [VRFC 10-311] analyzing module hazard
INFO: [VRFC 10-311] analyzing module id_ex
INFO: [VRFC 10-311] analyzing module if_id
INFO: [VRFC 10-311] analyzing module mem_wb
INFO: [VRFC 10-311] analyzing module pc_gen
INFO: [VRFC 10-311] analyzing module pre_if
INFO: [VRFC 10-311] analyzing module prgrom
INFO: [VRFC 10-311] analyzing module segment
INFO: [VRFC 10-311] analyzing module top
INFO: [VRFC 10-311] analyzing module uart_bmpg_0
INFO: [VRFC 10-311] analyzing module uart_bmpg_0_axi_uart
INFO: [VRFC 10-311] analyzing module uart_bmpg_0_axi_uart_address_decoder
INFO: [VRFC 10-311] analyzing module uart_bmpg_0_axi_uart_axi_lite_ipif
INFO: [VRFC 10-311] analyzing module uart_bmpg_0_axi_uart_axi_uartlite
INFO: [VRFC 10-311] analyzing module uart_bmpg_0_axi_uart_baudrate
INFO: [VRFC 10-311] analyzing module uart_bmpg_0_axi_uart_cdc_sync
INFO: [VRFC 10-311] analyzing module uart_bmpg_0_axi_uart_cntr_incr_decr_addn_f
INFO: [VRFC 10-311] analyzing module uart_bmpg_0_axi_uart_cntr_incr_decr_addn_f_2
INFO: [VRFC 10-311] analyzing module uart_bmpg_0_axi_uart_dynshreg_f
INFO: [VRFC 10-311] analyzing module uart_bmpg_0_axi_uart_dynshreg_f_3
INFO: [VRFC 10-311] analyzing module uart_bmpg_0_axi_uart_dynshreg_i_f
INFO: [VRFC 10-311] analyzing module uart_bmpg_0_axi_uart_dynshreg_i_f__parameterized0
INFO: [VRFC 10-311] analyzing module uart_bmpg_0_axi_uart_pselect_f
INFO: [VRFC 10-311] analyzing module uart_bmpg_0_axi_uart_pselect_f__parameterized1
INFO: [VRFC 10-311] analyzing module uart_bmpg_0_axi_uart_slave_attachment
INFO: [VRFC 10-311] analyzing module uart_bmpg_0_axi_uart_srl_fifo_f
INFO: [VRFC 10-311] analyzing module uart_bmpg_0_axi_uart_srl_fifo_f_0
INFO: [VRFC 10-311] analyzing module uart_bmpg_0_axi_uart_srl_fifo_rbu_f
INFO: [VRFC 10-311] analyzing module uart_bmpg_0_axi_uart_srl_fifo_rbu_f_1
INFO: [VRFC 10-311] analyzing module uart_bmpg_0_axi_uart_uartlite_core
INFO: [VRFC 10-311] analyzing module uart_bmpg_0_axi_uart_uartlite_rx
INFO: [VRFC 10-311] analyzing module uart_bmpg_0_axi_uart_uartlite_tx
INFO: [VRFC 10-311] analyzing module uart_bmpg_0_uart_bmpg
INFO: [VRFC 10-311] analyzing module uart_bmpg_0_upg
INFO: [VRFC 10-311] analyzing module RAM_bindec
INFO: [VRFC 10-311] analyzing module RAM_blk_mem_gen_generic_cstr
INFO: [VRFC 10-311] analyzing module RAM_blk_mem_gen_mux
INFO: [VRFC 10-311] analyzing module RAM_blk_mem_gen_prim_width
INFO: [VRFC 10-311] analyzing module RAM_blk_mem_gen_prim_width__parameterized0
INFO: [VRFC 10-311] analyzing module RAM_blk_mem_gen_prim_width__parameterized1
INFO: [VRFC 10-311] analyzing module RAM_blk_mem_gen_prim_width__parameterized10
INFO: [VRFC 10-311] analyzing module RAM_blk_mem_gen_prim_width__parameterized11
INFO: [VRFC 10-311] analyzing module RAM_blk_mem_gen_prim_width__parameterized12
INFO: [VRFC 10-311] analyzing module RAM_blk_mem_gen_prim_width__parameterized13
INFO: [VRFC 10-311] analyzing module RAM_blk_mem_gen_prim_width__parameterized2
INFO: [VRFC 10-311] analyzing module RAM_blk_mem_gen_prim_width__parameterized3
INFO: [VRFC 10-311] analyzing module RAM_blk_mem_gen_prim_width__parameterized4
INFO: [VRFC 10-311] analyzing module RAM_blk_mem_gen_prim_width__parameterized5
INFO: [VRFC 10-311] analyzing module RAM_blk_mem_gen_prim_width__parameterized6
INFO: [VRFC 10-311] analyzing module RAM_blk_mem_gen_prim_width__parameterized7
INFO: [VRFC 10-311] analyzing module RAM_blk_mem_gen_prim_width__parameterized8
INFO: [VRFC 10-311] analyzing module RAM_blk_mem_gen_prim_width__parameterized9
INFO: [VRFC 10-311] analyzing module RAM_blk_mem_gen_prim_wrapper_init
INFO: [VRFC 10-311] analyzing module RAM_blk_mem_gen_prim_wrapper_init__parameterized0
INFO: [VRFC 10-311] analyzing module RAM_blk_mem_gen_prim_wrapper_init__parameterized1
INFO: [VRFC 10-311] analyzing module RAM_blk_mem_gen_prim_wrapper_init__parameterized10
INFO: [VRFC 10-311] analyzing module RAM_blk_mem_gen_prim_wrapper_init__parameterized11
INFO: [VRFC 10-311] analyzing module RAM_blk_mem_gen_prim_wrapper_init__parameterized12
INFO: [VRFC 10-311] analyzing module RAM_blk_mem_gen_prim_wrapper_init__parameterized13
INFO: [VRFC 10-311] analyzing module RAM_blk_mem_gen_prim_wrapper_init__parameterized2
INFO: [VRFC 10-311] analyzing module RAM_blk_mem_gen_prim_wrapper_init__parameterized3
INFO: [VRFC 10-311] analyzing module RAM_blk_mem_gen_prim_wrapper_init__parameterized4
INFO: [VRFC 10-311] analyzing module RAM_blk_mem_gen_prim_wrapper_init__parameterized5
INFO: [VRFC 10-311] analyzing module RAM_blk_mem_gen_prim_wrapper_init__parameterized6
INFO: [VRFC 10-311] analyzing module RAM_blk_mem_gen_prim_wrapper_init__parameterized7
INFO: [VRFC 10-311] analyzing module RAM_blk_mem_gen_prim_wrapper_init__parameterized8
INFO: [VRFC 10-311] analyzing module RAM_blk_mem_gen_prim_wrapper_init__parameterized9
INFO: [VRFC 10-311] analyzing module RAM_blk_mem_gen_top
INFO: [VRFC 10-311] analyzing module RAM_blk_mem_gen_v8_4_1
INFO: [VRFC 10-311] analyzing module RAM_blk_mem_gen_v8_4_1_synth
INFO: [VRFC 10-311] analyzing module prgrom_bindec
INFO: [VRFC 10-311] analyzing module prgrom_blk_mem_gen_generic_cstr
INFO: [VRFC 10-311] analyzing module prgrom_blk_mem_gen_mux
INFO: [VRFC 10-311] analyzing module prgrom_blk_mem_gen_prim_width
INFO: [VRFC 10-311] analyzing module prgrom_blk_mem_gen_prim_width__parameterized0
INFO: [VRFC 10-311] analyzing module prgrom_blk_mem_gen_prim_width__parameterized1
INFO: [VRFC 10-311] analyzing module prgrom_blk_mem_gen_prim_width__parameterized10
INFO: [VRFC 10-311] analyzing module prgrom_blk_mem_gen_prim_width__parameterized11
INFO: [VRFC 10-311] analyzing module prgrom_blk_mem_gen_prim_width__parameterized12
INFO: [VRFC 10-311] analyzing module prgrom_blk_mem_gen_prim_width__parameterized13
INFO: [VRFC 10-311] analyzing module prgrom_blk_mem_gen_prim_width__parameterized2
INFO: [VRFC 10-311] analyzing module prgrom_blk_mem_gen_prim_width__parameterized3
INFO: [VRFC 10-311] analyzing module prgrom_blk_mem_gen_prim_width__parameterized4
INFO: [VRFC 10-311] analyzing module prgrom_blk_mem_gen_prim_width__parameterized5
INFO: [VRFC 10-311] analyzing module prgrom_blk_mem_gen_prim_width__parameterized6
INFO: [VRFC 10-311] analyzing module prgrom_blk_mem_gen_prim_width__parameterized7
INFO: [VRFC 10-311] analyzing module prgrom_blk_mem_gen_prim_width__parameterized8
INFO: [VRFC 10-311] analyzing module prgrom_blk_mem_gen_prim_width__parameterized9
INFO: [VRFC 10-311] analyzing module prgrom_blk_mem_gen_prim_wrapper_init
INFO: [VRFC 10-311] analyzing module prgrom_blk_mem_gen_prim_wrapper_init__parameterized0
INFO: [VRFC 10-311] analyzing module prgrom_blk_mem_gen_prim_wrapper_init__parameterized1
INFO: [VRFC 10-311] analyzing module prgrom_blk_mem_gen_prim_wrapper_init__parameterized10
INFO: [VRFC 10-311] analyzing module prgrom_blk_mem_gen_prim_wrapper_init__parameterized11
INFO: [VRFC 10-311] analyzing module prgrom_blk_mem_gen_prim_wrapper_init__parameterized12
INFO: [VRFC 10-311] analyzing module prgrom_blk_mem_gen_prim_wrapper_init__parameterized13
INFO: [VRFC 10-311] analyzing module prgrom_blk_mem_gen_prim_wrapper_init__parameterized2
INFO: [VRFC 10-311] analyzing module prgrom_blk_mem_gen_prim_wrapper_init__parameterized3
INFO: [VRFC 10-311] analyzing module prgrom_blk_mem_gen_prim_wrapper_init__parameterized4
INFO: [VRFC 10-311] analyzing module prgrom_blk_mem_gen_prim_wrapper_init__parameterized5
INFO: [VRFC 10-311] analyzing module prgrom_blk_mem_gen_prim_wrapper_init__parameterized6
INFO: [VRFC 10-311] analyzing module prgrom_blk_mem_gen_prim_wrapper_init__parameterized7
INFO: [VRFC 10-311] analyzing module prgrom_blk_mem_gen_prim_wrapper_init__parameterized8
INFO: [VRFC 10-311] analyzing module prgrom_blk_mem_gen_prim_wrapper_init__parameterized9
INFO: [VRFC 10-311] analyzing module prgrom_blk_mem_gen_top
INFO: [VRFC 10-311] analyzing module prgrom_blk_mem_gen_v8_4_1
INFO: [VRFC 10-311] analyzing module prgrom_blk_mem_gen_v8_4_1_synth
INFO: [VRFC 10-311] analyzing module glbl
INFO: [VRFC 10-2263] Analyzing Verilog file "C:/Users/Administrator/Desktop/project_1/project_1.srcs/sim_1/new/sim_coe.v" into library xil_defaultlib
INFO: [VRFC 10-311] analyzing module sim_coe
